{"level":"error","message":"ERROR => date: Sun Aug 06 2023 11:02:26 GMT-0300 (Argentina Standard Time) - message: res.sendSuccess is not a function"}
{"level":"error","message":"ERROR => date: Sun Aug 06 2023 11:16:50 GMT-0300 (Argentina Standard Time) - message: E11000 duplicate key error collection: ecommerce.products index: code_1 dup key: { code: \"aabbbaaa\" }"}
{"level":"error","message":"ERROR => date: Sun Aug 06 2023 11:22:23 GMT-0300 (Argentina Standard Time) - message: pid is not defined"}
{"level":"error","message":"ERROR => date: Fri Aug 11 2023 18:09:05 GMT-0300 (Argentina Standard Time) - message: E11000 duplicate key error collection: ecommerce.products index: code_1 dup key: { code: \"aabbmmcc\" }"}
{"level":"error","message":"ERROR => date: Fri Aug 11 2023 18:09:47 GMT-0300 (Argentina Standard Time) - message: E11000 duplicate key error collection: ecommerce.products index: code_1 dup key: { code: \"aabbmmcddttt\" }"}
{"level":"error","message":"ERROR => date: Fri Aug 11 2023 18:12:11 GMT-0300 (Argentina Standard Time) - message: E11000 duplicate key error collection: ecommerce.products index: code_1 dup key: { code: \"aaxxzzz\" }"}
{"level":"error","message":"ERROR => date: Sat Aug 12 2023 10:36:01 GMT-0300 (Argentina Standard Time) - message: res.sendClientSuccess is not a function"}
{"level":"error","message":"ERROR => date: Sat Aug 12 2023 10:38:07 GMT-0300 (Argentina Standard Time) - message: Cast to ObjectId failed for value \"6466d9cbb6e695a3d8e6\" (type string) at path \"_id\" for model \"products\""}
{"level":"error","message":"Could not connect to any servers in your MongoDB Atlas cluster. One common reason is that you're trying to access the database from an IP that isn't whitelisted. Make sure your current IP address is on your Atlas cluster's IP whitelist: https://www.mongodb.com/docs/atlas/security-whitelist/","reason":{"commonWireVersion":0,"compatible":true,"heartbeatFrequencyMS":10000,"localThresholdMS":15,"logicalSessionTimeoutMinutes":null,"maxElectionId":null,"maxSetVersion":null,"servers":{},"setName":"atlas-95t9c5-shard-0","stale":false,"type":"ReplicaSetNoPrimary"}}
{"level":"error","message":"ERROR => date: Sat Aug 12 2023 13:52:10 GMT-0300 (Argentina Standard Time) - message: getById is not defined"}
{"level":"error","message":"ERROR => date: Sat Aug 12 2023 13:53:59 GMT-0300 (Argentina Standard Time) - message: Cast to ObjectId failed for value \"6466d9cbx6e0dc3695a3d8e6\" (type string) at path \"_id\" for model \"products\""}
{"level":"error","message":"ERROR => date: Sat Aug 12 2023 14:49:09 GMT-0300 (Argentina Standard Time) - message: Invalid login: 535-5.7.8 Username and Password not accepted. Learn more at\n535 5.7.8  https://support.google.com/mail/?p=BadCredentials z5-20020a056870e14500b001bf0e3fbb53sm3252805oaa.49 - gsmtp"}
{"level":"error","message":"ERROR => date: Sat Aug 12 2023 14:50:31 GMT-0300 (Argentina Standard Time) - message: Invalid login: 535-5.7.8 Username and Password not accepted. Learn more at\n535 5.7.8  https://support.google.com/mail/?p=BadCredentials o187-20020a4a44c4000000b0056cf10cc844sm2993519ooa.9 - gsmtp"}
{"level":"error","message":"ERROR => date: Sat Aug 12 2023 14:53:36 GMT-0300 (Argentina Standard Time) - message: getById is not defined"}
{"level":"error","message":"ERROR => date: Sat Aug 12 2023 14:56:30 GMT-0300 (Argentina Standard Time) - message: getById is not defined"}
{"code":8000,"codeName":"AtlasError","connectionGeneration":0,"level":"error","ok":0}
{"level":"error","message":"ERROR => date: Sun Aug 20 2023 14:25:06 GMT-0300 (Argentina Standard Time) - message: jwt expired"}
{"level":"error","message":"ERROR => date: Sun Aug 20 2023 14:27:12 GMT-0300 (Argentina Standard Time) - message: jwt expired"}
{"level":"error","message":"ERROR => date: Sun Aug 20 2023 14:27:39 GMT-0300 (Argentina Standard Time) - message: jwt expired"}
{"level":"error","message":"ERROR => date: Sun Aug 20 2023 14:27:52 GMT-0300 (Argentina Standard Time) - message: jwt expired"}
{"level":"error","message":"ERROR => date: Sun Aug 20 2023 14:27:55 GMT-0300 (Argentina Standard Time) - message: jwt expired"}
{"level":"error","message":"ERROR => date: Sun Aug 20 2023 14:32:45 GMT-0300 (Argentina Standard Time) - message: jwt expired"}
{"level":"error","message":"ERROR => date: Sun Aug 20 2023 14:33:04 GMT-0300 (Argentina Standard Time) - message: jwt expired"}
{"level":"error","message":"ERROR => date: Sun Aug 20 2023 14:34:16 GMT-0300 (Argentina Standard Time) - message: jwt expired"}
{"level":"error","message":"ERROR => date: Sun Aug 20 2023 14:35:17 GMT-0300 (Argentina Standard Time) - message: jwt expired"}
{"level":"error","message":"ERROR => date: Sun Aug 20 2023 14:35:22 GMT-0300 (Argentina Standard Time) - message: jwt expired"}
{"level":"error","message":"ERROR => date: Sun Aug 20 2023 14:35:23 GMT-0300 (Argentina Standard Time) - message: jwt expired"}
{"level":"error","message":"ERROR => date: Sun Aug 20 2023 14:35:56 GMT-0300 (Argentina Standard Time) - message: jwt expired"}
{"level":"error","message":"ERROR => date: Sun Aug 20 2023 14:37:14 GMT-0300 (Argentina Standard Time) - message: jwt expired"}
{"level":"error","message":"ERROR => date: Sun Aug 20 2023 14:37:18 GMT-0300 (Argentina Standard Time) - message: jwt expired"}
{"level":"error","message":"ERROR => date: Sun Aug 20 2023 14:37:18 GMT-0300 (Argentina Standard Time) - message: jwt expired"}
{"level":"error","message":"ERROR => date: Sun Aug 20 2023 14:37:19 GMT-0300 (Argentina Standard Time) - message: jwt expired"}
{"level":"error","message":"ERROR => date: Sun Aug 20 2023 14:37:19 GMT-0300 (Argentina Standard Time) - message: jwt expired"}
{"level":"error","message":"ERROR => date: Sun Aug 20 2023 14:38:06 GMT-0300 (Argentina Standard Time) - message: jwt expired"}
{"level":"error","message":"ERROR => date: Sun Aug 20 2023 14:39:02 GMT-0300 (Argentina Standard Time) - message: jwt expired"}
{"level":"error","message":"ERROR => date: Sun Aug 20 2023 14:40:22 GMT-0300 (Argentina Standard Time) - message: User not found"}
{"level":"error","message":"ERROR => date: Sun Aug 20 2023 14:40:38 GMT-0300 (Argentina Standard Time) - message: User not found"}
{"level":"error","message":"ERROR => date: Sun Aug 20 2023 14:42:23 GMT-0300 (Argentina Standard Time) - message: jwt expired"}
{"level":"error","message":"ERROR => date: Sun Aug 20 2023 14:43:49 GMT-0300 (Argentina Standard Time) - message: jwt expired"}
{"level":"error","message":"ERROR => date: Sun Aug 20 2023 14:44:06 GMT-0300 (Argentina Standard Time) - message: jwt expired"}
{"level":"error","message":"ERROR => date: Sun Aug 20 2023 14:44:25 GMT-0300 (Argentina Standard Time) - message: jwt expired"}
{"level":"error","message":"ERROR => date: Sun Aug 20 2023 14:45:41 GMT-0300 (Argentina Standard Time) - message: jwt expired"}
{"level":"error","message":"ERROR => date: Sun Aug 20 2023 14:46:56 GMT-0300 (Argentina Standard Time) - message: jwt expired"}
{"level":"error","message":"ERROR => date: Sun Aug 20 2023 14:48:08 GMT-0300 (Argentina Standard Time) - message: jwt expired"}
{"level":"error","message":"ERROR => date: Sun Aug 20 2023 14:49:10 GMT-0300 (Argentina Standard Time) - message: jwt expired"}
{"level":"error","message":"ERROR => date: Sun Aug 20 2023 14:50:16 GMT-0300 (Argentina Standard Time) - message: jwt expired"}
{"level":"error","message":"ERROR => date: Sun Aug 20 2023 14:51:08 GMT-0300 (Argentina Standard Time) - message: jwt expired"}
{"level":"error","message":"ERROR => date: Sun Aug 20 2023 14:52:28 GMT-0300 (Argentina Standard Time) - message: jwt expired"}
{"level":"error","message":"ERROR => date: Sun Aug 20 2023 14:53:29 GMT-0300 (Argentina Standard Time) - message: jwt expired"}
{"level":"error","message":"ERROR => date: Sun Aug 20 2023 14:53:57 GMT-0300 (Argentina Standard Time) - message: jwt expired"}
{"level":"error","message":"ERROR => date: Sun Aug 20 2023 14:54:32 GMT-0300 (Argentina Standard Time) - message: jwt expired"}
{"level":"error","message":"ERROR => date: Sun Aug 20 2023 14:55:40 GMT-0300 (Argentina Standard Time) - message: jwt expired"}
{"level":"error","message":"ERROR => date: Sun Aug 20 2023 14:58:18 GMT-0300 (Argentina Standard Time) - message: The token has expired, please generate a new one."}
{"level":"error","message":"ERROR => date: Sun Aug 20 2023 14:59:36 GMT-0300 (Argentina Standard Time) - message: The token has expired, please generate a new one."}
{"level":"error","message":"ERROR => date: Sun Aug 20 2023 14:59:56 GMT-0300 (Argentina Standard Time) - message: The token has expired, please generate a new one."}
{"level":"error","message":"ERROR => date: Sun Aug 20 2023 15:00:39 GMT-0300 (Argentina Standard Time) - message: The token has expired, please generate a new one."}
{"level":"error","message":"ERROR => date: Sun Aug 20 2023 15:01:13 GMT-0300 (Argentina Standard Time) - message: The token has expired, please generate a new one."}
{"level":"error","message":"ERROR => date: Sun Aug 20 2023 15:02:39 GMT-0300 (Argentina Standard Time) - message: The token has expired, please generate a new one."}
{"level":"error","message":"ERROR => date: Sun Aug 20 2023 15:02:59 GMT-0300 (Argentina Standard Time) - message: The token has expired, please generate a new one."}
{"level":"error","message":"ERROR => date: Sun Aug 20 2023 15:03:08 GMT-0300 (Argentina Standard Time) - message: The token has expired, please generate a new one."}
{"level":"error","message":"ERROR => date: Sun Aug 20 2023 15:03:26 GMT-0300 (Argentina Standard Time) - message: The token has expired, please generate a new one."}
{"level":"error","message":"ERROR => date: Sun Aug 20 2023 15:04:32 GMT-0300 (Argentina Standard Time) - message: The token has expired, please generate a new one."}
{"level":"error","message":"ERROR => date: Sun Aug 20 2023 15:05:50 GMT-0300 (Argentina Standard Time) - message: The token has expired, please generate a new one."}
{"level":"error","message":"ERROR => date: Sun Aug 20 2023 15:06:26 GMT-0300 (Argentina Standard Time) - message: The token has expired, please generate a new one."}
{"level":"error","message":"ERROR => date: Sun Aug 20 2023 15:08:42 GMT-0300 (Argentina Standard Time) - message: The token has expired, please generate a new one."}
{"level":"error","message":"ERROR => date: Sun Aug 20 2023 15:08:55 GMT-0300 (Argentina Standard Time) - message: The token has expired, please generate a new one."}
{"level":"error","message":"ERROR => date: Sun Aug 20 2023 15:08:58 GMT-0300 (Argentina Standard Time) - message: The token has expired, please generate a new one."}
{"level":"error","message":"ERROR => date: Sun Aug 20 2023 15:11:51 GMT-0300 (Argentina Standard Time) - message: The token has expired, please generate a new one."}
{"level":"error","message":"ERROR => date: Sun Aug 20 2023 15:11:59 GMT-0300 (Argentina Standard Time) - message: The token has expired, please generate a new one."}
{"level":"error","message":"ERROR => date: Sun Aug 20 2023 15:27:23 GMT-0300 (Argentina Standard Time) - message: decoded is not defined"}
{"level":"error","message":"ERROR => date: Mon Aug 21 2023 11:13:25 GMT-0300 (Argentina Standard Time) - message: Cast to ObjectId failed for value \"undefined\" (type string) at path \"_id\" for model \"products\""}
{"level":"error","message":"ERROR => date: Mon Aug 21 2023 11:15:30 GMT-0300 (Argentina Standard Time) - message: Cast to ObjectId failed for value \"undefined\" (type string) at path \"_id\" for model \"products\""}
{"level":"error","message":"ERROR => date: Mon Aug 21 2023 11:58:54 GMT-0300 (Argentina Standard Time) - message: E11000 duplicate key error collection: testingecommerce.products index: code_1 dup key: { code: \"AAA114\" }"}
{"level":"error","message":"ERROR => date: Mon Aug 21 2023 11:58:54 GMT-0300 (Argentina Standard Time) - message: E11000 duplicate key error collection: testingecommerce.products index: code_1 dup key: { code: \"AAA114\" }"}
{"level":"error","message":"ERROR => date: Mon Aug 21 2023 13:36:10 GMT-0300 (Argentina Standard Time) - message: getUserByEmailService is not defined"}
{"level":"error","message":"ERROR => date: Mon Aug 21 2023 13:36:50 GMT-0300 (Argentina Standard Time) - message: getUserByEmailService is not defined"}
{"level":"error","message":"ERROR => date: Mon Aug 21 2023 13:37:47 GMT-0300 (Argentina Standard Time) - message: getUserByEmailService is not defined"}
{"level":"error","message":"ERROR => date: Mon Aug 21 2023 13:38:44 GMT-0300 (Argentina Standard Time) - message: getUserByEmailService is not defined"}
{"level":"error","message":"ERROR => date: Mon Aug 21 2023 13:39:47 GMT-0300 (Argentina Standard Time) - message: getUserByEmailService is not defined"}
{"level":"error","message":"ERROR => date: Mon Aug 21 2023 13:40:34 GMT-0300 (Argentina Standard Time) - message: getUserByEmailService is not defined"}
{"level":"error","message":"ERROR => date: Mon Aug 21 2023 13:41:39 GMT-0300 (Argentina Standard Time) - message: getUserByEmailService is not defined"}
{"level":"error","message":"ERROR => date: Mon Aug 21 2023 13:44:16 GMT-0300 (Argentina Standard Time) - message: getUserByEmailService is not defined"}
{"level":"error","message":"ERROR => date: Mon Aug 21 2023 13:45:06 GMT-0300 (Argentina Standard Time) - message: getUserByEmailService is not defined"}
{"level":"error","message":"ERROR => date: Mon Aug 21 2023 13:45:33 GMT-0300 (Argentina Standard Time) - message: getUserByEmailService is not defined"}
{"level":"error","message":"ERROR => date: Mon Aug 21 2023 13:45:56 GMT-0300 (Argentina Standard Time) - message: getUserByEmailService is not defined"}
{"level":"error","message":"ERROR => date: Mon Aug 21 2023 14:42:55 GMT-0300 (Argentina Standard Time) - message: usersService.login is not a function"}
{"level":"error","message":"ERROR => date: Mon Aug 21 2023 14:43:17 GMT-0300 (Argentina Standard Time) - message: usersService.register is not a function"}
{"level":"error","message":"ERROR => date: Mon Aug 21 2023 14:44:34 GMT-0300 (Argentina Standard Time) - message: createHash is not defined"}
{"level":"error","message":"ERROR => date: Mon Aug 21 2023 14:44:47 GMT-0300 (Argentina Standard Time) - message: createHash is not defined"}
{"level":"error","message":"ERROR => date: Mon Aug 21 2023 14:45:50 GMT-0300 (Argentina Standard Time) - message: usersRepository.save is not a function"}
{"level":"error","message":"ERROR => date: Mon Aug 21 2023 14:48:41 GMT-0300 (Argentina Standard Time) - message: isValidPassword is not defined"}
{"level":"error","message":"ERROR => date: Mon Aug 21 2023 14:49:45 GMT-0300 (Argentina Standard Time) - message: isValidPassword is not defined"}
{"level":"error","message":"ERROR => date: Mon Aug 21 2023 14:50:28 GMT-0300 (Argentina Standard Time) - message: generateToken is not defined"}
{"level":"error","message":"ERROR => date: Mon Aug 21 2023 16:20:22 GMT-0300 (Argentina Standard Time) - message: getUserByEmailService is not defined"}
{"level":"error","message":"ERROR => date: Mon Aug 21 2023 16:21:00 GMT-0300 (Argentina Standard Time) - message: getUserByEmailService is not defined"}
{"level":"error","message":"ERROR => date: Mon Aug 21 2023 16:23:16 GMT-0300 (Argentina Standard Time) - message: getUserByEmailService is not defined"}
{"level":"error","message":"ERROR => date: Mon Aug 21 2023 16:23:40 GMT-0300 (Argentina Standard Time) - message: getUserByEmailService is not defined"}
{"level":"error","message":"ERROR => date: Mon Aug 21 2023 16:24:35 GMT-0300 (Argentina Standard Time) - message: getUserByEmailService is not defined"}
{"level":"error","message":"ERROR => date: Mon Aug 21 2023 21:27:14 GMT-0300 (Argentina Standard Time) - message: User not found"}
{"level":"error","message":"ERROR => date: Mon Aug 21 2023 21:28:20 GMT-0300 (Argentina Standard Time) - message: User not found"}
{"level":"error","message":"ERROR => date: Mon Aug 21 2023 21:31:36 GMT-0300 (Argentina Standard Time) - message: User not found"}
{"level":"error","message":"ERROR => date: Mon Aug 21 2023 21:34:01 GMT-0300 (Argentina Standard Time) - message: User not found"}
{"level":"error","message":"ERROR => date: Mon Aug 21 2023 21:35:04 GMT-0300 (Argentina Standard Time) - message: User not found"}
{"level":"error","message":"ERROR => date: Mon Aug 21 2023 21:35:24 GMT-0300 (Argentina Standard Time) - message: User not found"}
{"level":"error","message":"ERROR => date: Mon Aug 21 2023 21:36:05 GMT-0300 (Argentina Standard Time) - message: E11000 duplicate key error collection: testingecommerce.products index: code_1 dup key: { code: \"AAA117\" }"}
{"level":"error","message":"ERROR => date: Mon Aug 21 2023 21:36:06 GMT-0300 (Argentina Standard Time) - message: E11000 duplicate key error collection: testingecommerce.products index: code_1 dup key: { code: \"AAA116\" }"}
{"level":"error","message":"ERROR => date: Mon Aug 21 2023 21:36:41 GMT-0300 (Argentina Standard Time) - message: E11000 duplicate key error collection: testingecommerce.products index: code_1 dup key: { code: \"AAA117\" }"}
{"level":"error","message":"ERROR => date: Mon Aug 21 2023 21:36:41 GMT-0300 (Argentina Standard Time) - message: E11000 duplicate key error collection: testingecommerce.products index: code_1 dup key: { code: \"AAA116\" }"}
{"level":"error","message":"ERROR => date: Tue Aug 22 2023 04:55:49 GMT-0300 (Argentina Standard Time) - message: E11000 duplicate key error collection: testingecommerce.products index: code_1 dup key: { code: \"AAA118\" }"}
{"level":"error","message":"ERROR => date: Tue Aug 22 2023 04:55:50 GMT-0300 (Argentina Standard Time) - message: E11000 duplicate key error collection: testingecommerce.products index: code_1 dup key: { code: \"AAA120\" }"}
{"level":"error","message":"ERROR => date: Tue Aug 22 2023 05:07:28 GMT-0300 (Argentina Standard Time) - message: E11000 duplicate key error collection: testingecommerce.products index: code_1 dup key: { code: \"AAA118\" }"}
{"level":"error","message":"ERROR => date: Tue Aug 22 2023 05:07:28 GMT-0300 (Argentina Standard Time) - message: E11000 duplicate key error collection: testingecommerce.products index: code_1 dup key: { code: \"AAA120\" }"}
{"level":"error","message":"ERROR => date: Tue Aug 22 2023 05:08:05 GMT-0300 (Argentina Standard Time) - message: E11000 duplicate key error collection: testingecommerce.products index: code_1 dup key: { code: \"AAA118\" }"}
{"level":"error","message":"ERROR => date: Tue Aug 22 2023 05:08:06 GMT-0300 (Argentina Standard Time) - message: E11000 duplicate key error collection: testingecommerce.products index: code_1 dup key: { code: \"AAA120\" }"}
{"level":"error","message":"ERROR => date: Thu Aug 24 2023 17:27:02 GMT-0300 (Argentina Standard Time) - message: E11000 duplicate key error collection: testingecommerce2.products index: code_1 dup key: { code: \"AAA118\" }"}
{"level":"error","message":"ERROR => date: Thu Aug 24 2023 17:27:32 GMT-0300 (Argentina Standard Time) - message: E11000 duplicate key error collection: testingecommerce2.products index: code_1 dup key: { code: \"AAA118\" }"}
{"level":"error","message":"ERROR => date: Thu Aug 24 2023 17:49:40 GMT-0300 (Argentina Standard Time) - message: User not found"}
{"level":"error","message":"ERROR => date: Sat Aug 26 2023 14:45:43 GMT-0300 (Argentina Standard Time) - message: Cast to ObjectId failed for value \"1@test.com\" (type string) at path \"_id\" for model \"users\""}
{"level":"error","message":"ERROR => date: Sat Aug 26 2023 14:46:06 GMT-0300 (Argentina Standard Time) - message: Cast to ObjectId failed for value \"m@test.com\" (type string) at path \"_id\" for model \"users\""}
{"level":"error","message":"ERROR => date: Sat Aug 26 2023 15:38:12 GMT-0300 (Argentina Standard Time) - message: products validation failed: owner: Cast to ObjectId failed for value \"admin\" (type string) at path \"owner\" because of \"BSONError\""}
{"level":"error","message":"ERROR => date: Sat Aug 26 2023 15:39:18 GMT-0300 (Argentina Standard Time) - message: products validation failed: owner: Cast to ObjectId failed for value \"admin\" (type string) at path \"owner\" because of \"BSONError\""}
{"level":"error","message":"ERROR => date: Sat Aug 26 2023 15:39:45 GMT-0300 (Argentina Standard Time) - message: products validation failed: owner: Cast to ObjectId failed for value \"admin\" (type string) at path \"owner\" because of \"BSONError\""}
{"level":"error","message":"ERROR => date: Sat Aug 26 2023 15:51:19 GMT-0300 (Argentina Standard Time) - message: User not found"}
{"level":"error","message":"ERROR => date: Sat Aug 26 2023 15:52:10 GMT-0300 (Argentina Standard Time) - message: email is not defined"}
{"level":"error","message":"ERROR => date: Sat Aug 26 2023 15:59:24 GMT-0300 (Argentina Standard Time) - message: E11000 duplicate key error collection: entregapremium.products index: code_1 dup key: { code: \"AAA114\" }"}
{"level":"error","message":"ERROR => date: Sat Aug 26 2023 16:15:15 GMT-0300 (Argentina Standard Time) - message: OwnerCantAddProduct is not defined"}
{"level":"error","message":"ERROR => date: Sat Aug 26 2023 16:15:58 GMT-0300 (Argentina Standard Time) - message: You are the owner of this product so you can not add it to your cart"}
{"level":"error","message":"ERROR => date: Sat Aug 26 2023 16:26:40 GMT-0300 (Argentina Standard Time) - message: admin is not defined"}
{"level":"error","message":"ERROR => date: Sat Aug 26 2023 19:40:25 GMT-0300 (Argentina Standard Time) - message: Cannot access 'now' before initialization"}
{"level":"error","message":"ERROR => date: Sat Sep 02 2023 13:56:35 GMT-0300 (Argentina Standard Time) - message: array is not defined"}
{"level":"error","message":"ERROR => date: Sat Sep 02 2023 13:59:43 GMT-0300 (Argentina Standard Time) - message: Converting circular structure to JSON\n    --> starting at object with constructor 'Socket'\n    |     property 'parser' -> object with constructor 'HTTPParser'\n    --- property 'socket' closes the circle"}
{"level":"error","message":"ERROR => date: Sat Sep 02 2023 13:59:59 GMT-0300 (Argentina Standard Time) - message: Converting circular structure to JSON\n    --> starting at object with constructor 'Socket'\n    |     property 'parser' -> object with constructor 'HTTPParser'\n    --- property 'socket' closes the circle"}
{"level":"error","message":"ERROR => date: Sat Sep 02 2023 14:18:59 GMT-0300 (Argentina Standard Time) - message: array is not defined"}
{"level":"error","message":"ERROR => date: Sat Sep 02 2023 16:36:19 GMT-0300 (Argentina Standard Time) - message: You must upload all your documentation to become a premium user"}
{"level":"error","message":"ERROR => date: Sat Sep 02 2023 16:36:53 GMT-0300 (Argentina Standard Time) - message: User not found"}
{"level":"error","message":"ERROR => date: Sat Sep 02 2023 17:04:09 GMT-0300 (Argentina Standard Time) - message: You did not attach any document"}
{"level":"error","message":"ERROR => date: Sat Sep 02 2023 17:05:52 GMT-0300 (Argentina Standard Time) - message: You did not attach any document"}
{"level":"error","message":"ERROR => date: Sun Sep 03 2023 13:59:58 GMT-0300 (Argentina Standard Time) - message: Cast to ObjectId failed for value \"undefined\" (type string) at path \"_id\" for model \"carts\""}
{"level":"error","message":"ERROR => date: Sun Sep 03 2023 14:03:09 GMT-0300 (Argentina Standard Time) - message: Cast to ObjectId failed for value \"undefined\" (type string) at path \"_id\" for model \"carts\""}
{"level":"error","message":"ERROR => date: Sun Sep 03 2023 14:05:13 GMT-0300 (Argentina Standard Time) - message: Cast to ObjectId failed for value \"undefined\" (type string) at path \"_id\" for model \"carts\""}
{"level":"error","message":"ERROR => date: Sun Sep 03 2023 14:06:33 GMT-0300 (Argentina Standard Time) - message: Cast to ObjectId failed for value \"undefined\" (type string) at path \"_id\" for model \"carts\""}
{"level":"error","message":"ERROR => date: Sun Sep 03 2023 14:14:15 GMT-0300 (Argentina Standard Time) - message: Cast to ObjectId failed for value \"undefined\" (type string) at path \"_id\" for model \"carts\""}
{"level":"error","message":"ERROR => date: Sun Sep 03 2023 14:14:40 GMT-0300 (Argentina Standard Time) - message: Cast to ObjectId failed for value \"undefined\" (type string) at path \"_id\" for model \"carts\""}
{"level":"error","message":"ERROR => date: Sun Sep 03 2023 14:15:31 GMT-0300 (Argentina Standard Time) - message: Cast to ObjectId failed for value \"undefined\" (type string) at path \"_id\" for model \"carts\""}
{"level":"error","message":"ERROR => date: Sun Sep 03 2023 14:15:48 GMT-0300 (Argentina Standard Time) - message: Cast to ObjectId failed for value \"undefined\" (type string) at path \"_id\" for model \"carts\""}
{"level":"error","message":"ERROR => date: Sun Sep 03 2023 14:16:27 GMT-0300 (Argentina Standard Time) - message: Cast to ObjectId failed for value \"undefined\" (type string) at path \"_id\" for model \"carts\""}
{"level":"error","message":"ERROR => date: Sun Sep 03 2023 14:16:58 GMT-0300 (Argentina Standard Time) - message: Cast to ObjectId failed for value \"undefined\" (type string) at path \"_id\" for model \"carts\""}
{"level":"error","message":"ERROR => date: Sun Sep 03 2023 14:23:05 GMT-0300 (Argentina Standard Time) - message: The token has expired, please generate a new one."}
{"level":"error","message":"ERROR => date: Sun Sep 03 2023 14:23:09 GMT-0300 (Argentina Standard Time) - message: The token has expired, please generate a new one."}
{"level":"error","message":"ERROR => date: Sun Sep 03 2023 14:24:04 GMT-0300 (Argentina Standard Time) - message: The token has expired, please generate a new one."}
{"level":"error","message":"ERROR => date: Sun Sep 03 2023 14:28:04 GMT-0300 (Argentina Standard Time) - message: token is not defined"}
{"level":"error","message":"ERROR => date: Sun Sep 03 2023 15:15:15 GMT-0300 (Argentina Standard Time) - message: token is not defined"}
{"level":"error","message":"ERROR => date: Sun Sep 03 2023 15:15:18 GMT-0300 (Argentina Standard Time) - message: token is not defined"}
{"level":"error","message":"ERROR => date: Sun Sep 03 2023 15:40:05 GMT-0300 (Argentina Standard Time) - message: Cannot read properties of undefined (reading '_id')"}
{"level":"error","message":"ERROR => date: Sun Sep 03 2023 15:40:22 GMT-0300 (Argentina Standard Time) - message: Cannot read properties of undefined (reading '_id')"}
{"level":"error","message":"ERROR => date: Sun Sep 03 2023 15:40:35 GMT-0300 (Argentina Standard Time) - message: Cannot read properties of undefined (reading '_id')"}
{"level":"error","message":"ERROR => date: Sun Sep 03 2023 15:41:22 GMT-0300 (Argentina Standard Time) - message: Cannot read properties of undefined (reading '_id')"}
{"level":"error","message":"ERROR => date: Sun Sep 03 2023 15:44:17 GMT-0300 (Argentina Standard Time) - message: Cannot read properties of undefined (reading '_id')"}
{"level":"error","message":"ERROR => date: Sun Sep 03 2023 15:44:43 GMT-0300 (Argentina Standard Time) - message: Cannot read properties of undefined (reading '_id')"}
{"level":"error","message":"ERROR => date: Sun Sep 03 2023 15:56:53 GMT-0300 (Argentina Standard Time) - message: Cast to ObjectId failed for value \"data-role=\" (type string) at path \"_id\" for model \"carts\""}
{"level":"error","message":"ERROR => date: Sun Sep 03 2023 15:57:11 GMT-0300 (Argentina Standard Time) - message: Cast to ObjectId failed for value \"data-role=\" (type string) at path \"_id\" for model \"carts\""}
{"level":"error","message":"ERROR => date: Sun Sep 03 2023 15:57:37 GMT-0300 (Argentina Standard Time) - message: Cast to ObjectId failed for value \"data-role=\" (type string) at path \"_id\" for model \"carts\""}
{"level":"error","message":"ERROR => date: Sun Sep 03 2023 15:58:01 GMT-0300 (Argentina Standard Time) - message: Cast to ObjectId failed for value \"data-role=\" (type string) at path \"_id\" for model \"carts\""}
{"level":"error","message":"ERROR => date: Sun Sep 03 2023 16:00:35 GMT-0300 (Argentina Standard Time) - message: Cast to ObjectId failed for value \"data-role=admin\" (type string) at path \"_id\" for model \"carts\""}
{"level":"error","message":"ERROR => date: Sun Sep 03 2023 16:01:11 GMT-0300 (Argentina Standard Time) - message: Cast to ObjectId failed for value \"data-role=admin\" (type string) at path \"_id\" for model \"carts\""}
{"level":"error","message":"ERROR => date: Sun Sep 03 2023 16:01:46 GMT-0300 (Argentina Standard Time) - message: Cast to ObjectId failed for value \"data-role=admin\" (type string) at path \"_id\" for model \"carts\""}
{"level":"error","message":"ERROR => date: Sun Sep 03 2023 16:04:54 GMT-0300 (Argentina Standard Time) - message: Cannot read properties of undefined (reading 'role')"}
{"level":"error","message":"ERROR => date: Sun Sep 03 2023 16:08:12 GMT-0300 (Argentina Standard Time) - message: Cast to ObjectId failed for value \"undefined\" (type string) at path \"_id\" for model \"products\""}
{"level":"error","message":"ERROR => date: Sun Sep 03 2023 16:08:31 GMT-0300 (Argentina Standard Time) - message: Cast to ObjectId failed for value \"undefined\" (type string) at path \"_id\" for model \"products\""}
{"level":"error","message":"ERROR => date: Sun Sep 03 2023 16:09:25 GMT-0300 (Argentina Standard Time) - message: Cast to ObjectId failed for value \"undefined\" (type string) at path \"_id\" for model \"products\""}
{"level":"error","message":"ERROR => date: Sun Sep 10 2023 08:45:08 GMT-0300 (Argentina Standard Time) - message: Cannot read properties of undefined (reading 'push')"}
{"level":"error","message":"ERROR => date: Mon Sep 11 2023 22:46:43 GMT-0300 (Argentina Standard Time) - message: Cannot read properties of undefined (reading 'push')"}
{"level":"error","message":"ERROR => date: Mon Sep 11 2023 22:47:57 GMT-0300 (Argentina Standard Time) - message: Cannot read properties of undefined (reading 'push')"}
{"level":"error","message":"ERROR => date: Mon Sep 11 2023 23:15:18 GMT-0300 (Argentina Standard Time) - message: One of the chosen products doesn't have stock"}
